mode: set
github.com/JoaoRafa19/crypto-go/main.go:9.13,16.12 5 0
github.com/JoaoRafa19/crypto-go/main.go:16.12,17.7 1 0
github.com/JoaoRafa19/crypto-go/main.go:17.7,20.4 2 0
github.com/JoaoRafa19/crypto-go/main.go:23.2,31.11 3 0
github.com/JoaoRafa19/crypto-go/main.go:9.13,16.12 5 0
github.com/JoaoRafa19/crypto-go/main.go:16.12,17.7 1 0
github.com/JoaoRafa19/crypto-go/main.go:17.7,20.4 2 0
github.com/JoaoRafa19/crypto-go/main.go:23.2,31.11 3 0
github.com/JoaoRafa19/crypto-go/core/block.go:22.33,28.2 4 0
github.com/JoaoRafa19/crypto-go/core/block.go:42.52,47.2 1 0
github.com/JoaoRafa19/crypto-go/core/block.go:49.49,51.2 1 0
github.com/JoaoRafa19/crypto-go/core/block.go:53.32,54.24 1 0
github.com/JoaoRafa19/crypto-go/core/block.go:54.24,56.3 1 0
github.com/JoaoRafa19/crypto-go/core/block.go:58.2,58.56 1 0
github.com/JoaoRafa19/crypto-go/core/block.go:58.56,60.3 1 0
github.com/JoaoRafa19/crypto-go/core/block.go:62.2,62.37 1 0
github.com/JoaoRafa19/crypto-go/core/block.go:62.37,63.38 1 0
github.com/JoaoRafa19/crypto-go/core/block.go:63.38,65.4 1 0
github.com/JoaoRafa19/crypto-go/core/block.go:68.2,68.12 1 0
github.com/JoaoRafa19/crypto-go/core/block.go:71.55,73.16 2 0
github.com/JoaoRafa19/crypto-go/core/block.go:73.16,75.3 1 0
github.com/JoaoRafa19/crypto-go/core/block.go:76.2,78.12 3 0
github.com/JoaoRafa19/crypto-go/core/block.go:81.64,83.2 1 0
github.com/JoaoRafa19/crypto-go/core/block.go:85.64,87.2 1 0
github.com/JoaoRafa19/crypto-go/core/block.go:89.57,90.21 1 0
github.com/JoaoRafa19/crypto-go/core/block.go:90.21,92.3 1 0
github.com/JoaoRafa19/crypto-go/core/block.go:94.2,94.15 1 0
github.com/JoaoRafa19/crypto-go/core/blockchain.go:17.57,27.2 4 0
github.com/JoaoRafa19/crypto-go/core/blockchain.go:29.49,31.2 1 0
github.com/JoaoRafa19/crypto-go/core/blockchain.go:32.48,35.16 2 0
github.com/JoaoRafa19/crypto-go/core/blockchain.go:35.16,37.3 1 0
github.com/JoaoRafa19/crypto-go/core/blockchain.go:39.2,39.40 1 0
github.com/JoaoRafa19/crypto-go/core/blockchain.go:42.51,44.2 1 0
github.com/JoaoRafa19/crypto-go/core/blockchain.go:47.39,51.2 3 0
github.com/JoaoRafa19/crypto-go/core/blockchain.go:53.65,64.2 5 0
github.com/JoaoRafa19/crypto-go/core/blockchain.go:66.65,67.26 1 0
github.com/JoaoRafa19/crypto-go/core/blockchain.go:67.26,69.3 1 0
github.com/JoaoRafa19/crypto-go/core/blockchain.go:70.2,73.32 3 0
github.com/JoaoRafa19/crypto-go/core/hasher.go:15.47,19.2 2 0
github.com/JoaoRafa19/crypto-go/core/hasher.go:25.49,27.2 1 0
github.com/JoaoRafa19/crypto-go/core/storage.go:9.33,11.2 1 0
github.com/JoaoRafa19/crypto-go/core/storage.go:13.44,15.2 1 0
github.com/JoaoRafa19/crypto-go/core/transaction.go:20.62,22.16 2 0
github.com/JoaoRafa19/crypto-go/core/transaction.go:22.16,24.3 1 0
github.com/JoaoRafa19/crypto-go/core/transaction.go:26.2,28.12 3 0
github.com/JoaoRafa19/crypto-go/core/transaction.go:31.47,35.2 1 0
github.com/JoaoRafa19/crypto-go/core/transaction.go:37.64,38.22 1 0
github.com/JoaoRafa19/crypto-go/core/transaction.go:38.22,40.3 1 0
github.com/JoaoRafa19/crypto-go/core/transaction.go:41.2,41.19 1 0
github.com/JoaoRafa19/crypto-go/core/transaction.go:44.39,45.25 1 0
github.com/JoaoRafa19/crypto-go/core/transaction.go:45.25,47.3 1 0
github.com/JoaoRafa19/crypto-go/core/transaction.go:49.2,49.44 1 0
github.com/JoaoRafa19/crypto-go/core/transaction.go:49.44,51.3 1 0
github.com/JoaoRafa19/crypto-go/core/transaction.go:53.2,53.12 1 0
github.com/JoaoRafa19/crypto-go/core/validator.go:13.56,17.2 1 0
github.com/JoaoRafa19/crypto-go/core/validator.go:19.56,20.29 1 0
github.com/JoaoRafa19/crypto-go/core/validator.go:20.29,22.3 1 0
github.com/JoaoRafa19/crypto-go/core/validator.go:24.2,24.33 1 0
github.com/JoaoRafa19/crypto-go/core/validator.go:24.33,26.3 1 0
github.com/JoaoRafa19/crypto-go/core/validator.go:28.2,29.16 2 0
github.com/JoaoRafa19/crypto-go/core/validator.go:29.16,31.3 1 0
github.com/JoaoRafa19/crypto-go/core/validator.go:33.2,34.29 2 0
github.com/JoaoRafa19/crypto-go/core/validator.go:34.29,36.3 1 0
github.com/JoaoRafa19/crypto-go/core/validator.go:38.2,38.35 1 0
github.com/JoaoRafa19/crypto-go/core/validator.go:38.35,40.3 1 0
github.com/JoaoRafa19/crypto-go/core/validator.go:42.2,42.12 1 0
github.com/JoaoRafa19/crypto-go/crypto/keypair.go:17.59,19.16 2 1
github.com/JoaoRafa19/crypto-go/crypto/keypair.go:19.16,21.3 1 0
github.com/JoaoRafa19/crypto-go/crypto/keypair.go:23.2,26.8 1 1
github.com/JoaoRafa19/crypto-go/crypto/keypair.go:29.38,31.16 2 1
github.com/JoaoRafa19/crypto-go/crypto/keypair.go:31.16,32.13 1 0
github.com/JoaoRafa19/crypto-go/crypto/keypair.go:34.2,36.3 1 1
github.com/JoaoRafa19/crypto-go/crypto/keypair.go:43.43,47.2 1 1
github.com/JoaoRafa19/crypto-go/crypto/keypair.go:49.37,52.2 1 0
github.com/JoaoRafa19/crypto-go/crypto/keypair.go:54.44,58.2 2 0
github.com/JoaoRafa19/crypto-go/crypto/keypair.go:64.65,66.2 1 1
github.com/JoaoRafa19/crypto-go/network/local_transport.go:15.48,21.2 1 0
github.com/JoaoRafa19/crypto-go/network/local_transport.go:23.47,26.2 1 0
github.com/JoaoRafa19/crypto-go/network/local_transport.go:27.54,34.2 4 0
github.com/JoaoRafa19/crypto-go/network/local_transport.go:36.72,41.9 4 0
github.com/JoaoRafa19/crypto-go/network/local_transport.go:41.9,44.3 1 0
github.com/JoaoRafa19/crypto-go/network/local_transport.go:46.2,50.12 2 0
github.com/JoaoRafa19/crypto-go/network/local_transport.go:53.41,55.2 1 0
github.com/JoaoRafa19/crypto-go/network/server.go:27.41,37.2 1 0
github.com/JoaoRafa19/crypto-go/network/server.go:39.26,43.6 3 0
github.com/JoaoRafa19/crypto-go/network/server.go:43.6,44.10 1 0
github.com/JoaoRafa19/crypto-go/network/server.go:45.25,46.28 1 0
github.com/JoaoRafa19/crypto-go/network/server.go:47.21,48.14 1 0
github.com/JoaoRafa19/crypto-go/network/server.go:49.19,50.21 1 0
github.com/JoaoRafa19/crypto-go/network/server.go:50.21,53.5 2 0
github.com/JoaoRafa19/crypto-go/network/server.go:56.2,56.32 1 0
github.com/JoaoRafa19/crypto-go/network/server.go:59.65,60.36 1 0
github.com/JoaoRafa19/crypto-go/network/server.go:60.36,62.3 1 0
github.com/JoaoRafa19/crypto-go/network/server.go:63.2,65.25 2 0
github.com/JoaoRafa19/crypto-go/network/server.go:65.25,73.3 2 0
github.com/JoaoRafa19/crypto-go/network/server.go:75.2,82.26 2 0
github.com/JoaoRafa19/crypto-go/network/server.go:84.41,87.2 2 0
github.com/JoaoRafa19/crypto-go/network/server.go:89.35,90.34 1 0
github.com/JoaoRafa19/crypto-go/network/server.go:90.34,91.25 1 0
github.com/JoaoRafa19/crypto-go/network/server.go:91.25,92.34 1 0
github.com/JoaoRafa19/crypto-go/network/server.go:92.34,95.5 1 0
github.com/JoaoRafa19/crypto-go/network/txpool.go:12.26,16.2 1 0
github.com/JoaoRafa19/crypto-go/network/txpool.go:20.50,22.17 2 0
github.com/JoaoRafa19/crypto-go/network/txpool.go:22.17,24.3 1 0
github.com/JoaoRafa19/crypto-go/network/txpool.go:25.2,26.12 2 0
github.com/JoaoRafa19/crypto-go/network/txpool.go:29.44,32.2 2 0
github.com/JoaoRafa19/crypto-go/network/txpool.go:34.28,36.2 1 0
github.com/JoaoRafa19/crypto-go/network/txpool.go:38.26,41.2 1 0
github.com/JoaoRafa19/crypto-go/types/address.go:10.34,12.2 1 0
github.com/JoaoRafa19/crypto-go/types/address.go:14.35,16.26 2 0
github.com/JoaoRafa19/crypto-go/types/address.go:16.26,18.3 1 0
github.com/JoaoRafa19/crypto-go/types/address.go:19.2,19.10 1 0
github.com/JoaoRafa19/crypto-go/types/address.go:22.41,23.18 1 0
github.com/JoaoRafa19/crypto-go/types/address.go:23.18,25.13 2 0
github.com/JoaoRafa19/crypto-go/types/address.go:28.2,29.26 2 0
github.com/JoaoRafa19/crypto-go/types/address.go:29.26,32.3 1 0
github.com/JoaoRafa19/crypto-go/types/address.go:34.2,34.23 1 0
github.com/JoaoRafa19/crypto-go/types/hash.go:9.29,10.26 1 0
github.com/JoaoRafa19/crypto-go/types/hash.go:10.26,11.16 1 0
github.com/JoaoRafa19/crypto-go/types/hash.go:11.16,13.4 1 0
github.com/JoaoRafa19/crypto-go/types/hash.go:15.2,15.13 1 0
github.com/JoaoRafa19/crypto-go/types/hash.go:18.35,19.18 1 0
github.com/JoaoRafa19/crypto-go/types/hash.go:19.18,21.13 2 0
github.com/JoaoRafa19/crypto-go/types/hash.go:24.2,25.26 2 0
github.com/JoaoRafa19/crypto-go/types/hash.go:25.26,28.3 1 0
github.com/JoaoRafa19/crypto-go/types/hash.go:30.2,30.20 1 0
github.com/JoaoRafa19/crypto-go/main.go:9.13,16.12 5 0
github.com/JoaoRafa19/crypto-go/main.go:16.12,17.7 1 0
github.com/JoaoRafa19/crypto-go/main.go:17.7,20.4 2 0
github.com/JoaoRafa19/crypto-go/main.go:23.2,31.11 3 0
github.com/JoaoRafa19/crypto-go/core/block.go:22.33,28.2 4 0
github.com/JoaoRafa19/crypto-go/core/block.go:42.52,47.2 1 0
github.com/JoaoRafa19/crypto-go/core/block.go:49.49,51.2 1 0
github.com/JoaoRafa19/crypto-go/core/block.go:53.32,54.24 1 0
github.com/JoaoRafa19/crypto-go/core/block.go:54.24,56.3 1 0
github.com/JoaoRafa19/crypto-go/core/block.go:58.2,58.56 1 0
github.com/JoaoRafa19/crypto-go/core/block.go:58.56,60.3 1 0
github.com/JoaoRafa19/crypto-go/core/block.go:62.2,62.37 1 0
github.com/JoaoRafa19/crypto-go/core/block.go:62.37,63.38 1 0
github.com/JoaoRafa19/crypto-go/core/block.go:63.38,65.4 1 0
github.com/JoaoRafa19/crypto-go/core/block.go:68.2,68.12 1 0
github.com/JoaoRafa19/crypto-go/core/block.go:71.55,73.16 2 0
github.com/JoaoRafa19/crypto-go/core/block.go:73.16,75.3 1 0
github.com/JoaoRafa19/crypto-go/core/block.go:76.2,78.12 3 0
github.com/JoaoRafa19/crypto-go/core/block.go:81.64,83.2 1 0
github.com/JoaoRafa19/crypto-go/core/block.go:85.64,87.2 1 0
github.com/JoaoRafa19/crypto-go/core/block.go:89.57,90.21 1 0
github.com/JoaoRafa19/crypto-go/core/block.go:90.21,92.3 1 0
github.com/JoaoRafa19/crypto-go/core/block.go:94.2,94.15 1 0
github.com/JoaoRafa19/crypto-go/core/blockchain.go:17.57,27.2 4 0
github.com/JoaoRafa19/crypto-go/core/blockchain.go:29.49,31.2 1 0
github.com/JoaoRafa19/crypto-go/core/blockchain.go:32.48,35.16 2 0
github.com/JoaoRafa19/crypto-go/core/blockchain.go:35.16,37.3 1 0
github.com/JoaoRafa19/crypto-go/core/blockchain.go:39.2,39.40 1 0
github.com/JoaoRafa19/crypto-go/core/blockchain.go:42.51,44.2 1 0
github.com/JoaoRafa19/crypto-go/core/blockchain.go:47.39,51.2 3 0
github.com/JoaoRafa19/crypto-go/core/blockchain.go:53.65,64.2 5 0
github.com/JoaoRafa19/crypto-go/core/blockchain.go:66.65,67.26 1 0
github.com/JoaoRafa19/crypto-go/core/blockchain.go:67.26,69.3 1 0
github.com/JoaoRafa19/crypto-go/core/blockchain.go:70.2,73.32 3 0
github.com/JoaoRafa19/crypto-go/core/hasher.go:15.47,19.2 2 0
github.com/JoaoRafa19/crypto-go/core/hasher.go:25.49,27.2 1 0
github.com/JoaoRafa19/crypto-go/core/storage.go:9.33,11.2 1 0
github.com/JoaoRafa19/crypto-go/core/storage.go:13.44,15.2 1 0
github.com/JoaoRafa19/crypto-go/core/transaction.go:20.62,22.16 2 0
github.com/JoaoRafa19/crypto-go/core/transaction.go:22.16,24.3 1 0
github.com/JoaoRafa19/crypto-go/core/transaction.go:26.2,28.12 3 0
github.com/JoaoRafa19/crypto-go/core/transaction.go:31.47,35.2 1 0
github.com/JoaoRafa19/crypto-go/core/transaction.go:37.64,38.22 1 0
github.com/JoaoRafa19/crypto-go/core/transaction.go:38.22,40.3 1 0
github.com/JoaoRafa19/crypto-go/core/transaction.go:41.2,41.19 1 0
github.com/JoaoRafa19/crypto-go/core/transaction.go:44.39,45.25 1 0
github.com/JoaoRafa19/crypto-go/core/transaction.go:45.25,47.3 1 0
github.com/JoaoRafa19/crypto-go/core/transaction.go:49.2,49.44 1 0
github.com/JoaoRafa19/crypto-go/core/transaction.go:49.44,51.3 1 0
github.com/JoaoRafa19/crypto-go/core/transaction.go:53.2,53.12 1 0
github.com/JoaoRafa19/crypto-go/core/validator.go:13.56,17.2 1 0
github.com/JoaoRafa19/crypto-go/core/validator.go:19.56,20.29 1 0
github.com/JoaoRafa19/crypto-go/core/validator.go:20.29,22.3 1 0
github.com/JoaoRafa19/crypto-go/core/validator.go:24.2,24.33 1 0
github.com/JoaoRafa19/crypto-go/core/validator.go:24.33,26.3 1 0
github.com/JoaoRafa19/crypto-go/core/validator.go:28.2,29.16 2 0
github.com/JoaoRafa19/crypto-go/core/validator.go:29.16,31.3 1 0
github.com/JoaoRafa19/crypto-go/core/validator.go:33.2,34.29 2 0
github.com/JoaoRafa19/crypto-go/core/validator.go:34.29,36.3 1 0
github.com/JoaoRafa19/crypto-go/core/validator.go:38.2,38.35 1 0
github.com/JoaoRafa19/crypto-go/core/validator.go:38.35,40.3 1 0
github.com/JoaoRafa19/crypto-go/core/validator.go:42.2,42.12 1 0
github.com/JoaoRafa19/crypto-go/crypto/keypair.go:17.59,19.16 2 0
github.com/JoaoRafa19/crypto-go/crypto/keypair.go:19.16,21.3 1 0
github.com/JoaoRafa19/crypto-go/crypto/keypair.go:23.2,26.8 1 0
github.com/JoaoRafa19/crypto-go/crypto/keypair.go:29.38,31.16 2 0
github.com/JoaoRafa19/crypto-go/crypto/keypair.go:31.16,32.13 1 0
github.com/JoaoRafa19/crypto-go/crypto/keypair.go:34.2,36.3 1 0
github.com/JoaoRafa19/crypto-go/crypto/keypair.go:43.43,47.2 1 0
github.com/JoaoRafa19/crypto-go/crypto/keypair.go:49.37,52.2 1 0
github.com/JoaoRafa19/crypto-go/crypto/keypair.go:54.44,58.2 2 0
github.com/JoaoRafa19/crypto-go/crypto/keypair.go:64.65,66.2 1 0
github.com/JoaoRafa19/crypto-go/network/local_transport.go:15.48,21.2 1 0
github.com/JoaoRafa19/crypto-go/network/local_transport.go:23.47,26.2 1 0
github.com/JoaoRafa19/crypto-go/network/local_transport.go:27.54,34.2 4 0
github.com/JoaoRafa19/crypto-go/network/local_transport.go:36.72,41.9 4 0
github.com/JoaoRafa19/crypto-go/network/local_transport.go:41.9,44.3 1 0
github.com/JoaoRafa19/crypto-go/network/local_transport.go:46.2,50.12 2 0
github.com/JoaoRafa19/crypto-go/network/local_transport.go:53.41,55.2 1 0
github.com/JoaoRafa19/crypto-go/network/server.go:27.41,37.2 1 0
github.com/JoaoRafa19/crypto-go/network/server.go:39.26,43.6 3 0
github.com/JoaoRafa19/crypto-go/network/server.go:43.6,44.10 1 0
github.com/JoaoRafa19/crypto-go/network/server.go:45.25,46.28 1 0
github.com/JoaoRafa19/crypto-go/network/server.go:47.21,48.14 1 0
github.com/JoaoRafa19/crypto-go/network/server.go:49.19,50.21 1 0
github.com/JoaoRafa19/crypto-go/network/server.go:50.21,53.5 2 0
github.com/JoaoRafa19/crypto-go/network/server.go:56.2,56.32 1 0
github.com/JoaoRafa19/crypto-go/network/server.go:59.65,60.36 1 0
github.com/JoaoRafa19/crypto-go/network/server.go:60.36,62.3 1 0
github.com/JoaoRafa19/crypto-go/network/server.go:63.2,65.25 2 0
github.com/JoaoRafa19/crypto-go/network/server.go:65.25,73.3 2 0
github.com/JoaoRafa19/crypto-go/network/server.go:75.2,82.26 2 0
github.com/JoaoRafa19/crypto-go/network/server.go:84.41,87.2 2 0
github.com/JoaoRafa19/crypto-go/network/server.go:89.35,90.34 1 0
github.com/JoaoRafa19/crypto-go/network/server.go:90.34,91.25 1 0
github.com/JoaoRafa19/crypto-go/network/server.go:91.25,92.34 1 0
github.com/JoaoRafa19/crypto-go/network/server.go:92.34,95.5 1 0
github.com/JoaoRafa19/crypto-go/network/txpool.go:12.26,16.2 1 0
github.com/JoaoRafa19/crypto-go/network/txpool.go:20.50,22.17 2 0
github.com/JoaoRafa19/crypto-go/network/txpool.go:22.17,24.3 1 0
github.com/JoaoRafa19/crypto-go/network/txpool.go:25.2,26.12 2 0
github.com/JoaoRafa19/crypto-go/network/txpool.go:29.44,32.2 2 0
github.com/JoaoRafa19/crypto-go/network/txpool.go:34.28,36.2 1 0
github.com/JoaoRafa19/crypto-go/network/txpool.go:38.26,41.2 1 0
github.com/JoaoRafa19/crypto-go/types/address.go:10.34,12.2 1 0
github.com/JoaoRafa19/crypto-go/types/address.go:14.35,16.26 2 1
github.com/JoaoRafa19/crypto-go/types/address.go:16.26,18.3 1 1
github.com/JoaoRafa19/crypto-go/types/address.go:19.2,19.10 1 1
github.com/JoaoRafa19/crypto-go/types/address.go:22.41,23.18 1 1
github.com/JoaoRafa19/crypto-go/types/address.go:23.18,25.13 2 1
github.com/JoaoRafa19/crypto-go/types/address.go:28.2,29.26 2 1
github.com/JoaoRafa19/crypto-go/types/address.go:29.26,32.3 1 1
github.com/JoaoRafa19/crypto-go/types/address.go:34.2,34.23 1 1
github.com/JoaoRafa19/crypto-go/types/hash.go:9.29,10.26 1 1
github.com/JoaoRafa19/crypto-go/types/hash.go:10.26,11.16 1 1
github.com/JoaoRafa19/crypto-go/types/hash.go:11.16,13.4 1 1
github.com/JoaoRafa19/crypto-go/types/hash.go:15.2,15.13 1 0
github.com/JoaoRafa19/crypto-go/types/hash.go:18.35,19.18 1 1
github.com/JoaoRafa19/crypto-go/types/hash.go:19.18,21.13 2 1
github.com/JoaoRafa19/crypto-go/types/hash.go:24.2,25.26 2 1
github.com/JoaoRafa19/crypto-go/types/hash.go:25.26,28.3 1 1
github.com/JoaoRafa19/crypto-go/types/hash.go:30.2,30.20 1 1
github.com/JoaoRafa19/crypto-go/main.go:9.13,16.12 5 0
github.com/JoaoRafa19/crypto-go/main.go:16.12,17.7 1 0
github.com/JoaoRafa19/crypto-go/main.go:17.7,20.4 2 0
github.com/JoaoRafa19/crypto-go/main.go:23.2,31.11 3 0
github.com/JoaoRafa19/crypto-go/core/block.go:22.33,28.2 4 0
github.com/JoaoRafa19/crypto-go/core/block.go:42.52,47.2 1 0
github.com/JoaoRafa19/crypto-go/core/block.go:49.49,51.2 1 0
github.com/JoaoRafa19/crypto-go/core/block.go:53.32,54.24 1 0
github.com/JoaoRafa19/crypto-go/core/block.go:54.24,56.3 1 0
github.com/JoaoRafa19/crypto-go/core/block.go:58.2,58.56 1 0
github.com/JoaoRafa19/crypto-go/core/block.go:58.56,60.3 1 0
github.com/JoaoRafa19/crypto-go/core/block.go:62.2,62.37 1 0
github.com/JoaoRafa19/crypto-go/core/block.go:62.37,63.38 1 0
github.com/JoaoRafa19/crypto-go/core/block.go:63.38,65.4 1 0
github.com/JoaoRafa19/crypto-go/core/block.go:68.2,68.12 1 0
github.com/JoaoRafa19/crypto-go/core/block.go:71.55,73.16 2 0
github.com/JoaoRafa19/crypto-go/core/block.go:73.16,75.3 1 0
github.com/JoaoRafa19/crypto-go/core/block.go:76.2,78.12 3 0
github.com/JoaoRafa19/crypto-go/core/block.go:81.64,83.2 1 0
github.com/JoaoRafa19/crypto-go/core/block.go:85.64,87.2 1 0
github.com/JoaoRafa19/crypto-go/core/block.go:89.57,90.21 1 0
github.com/JoaoRafa19/crypto-go/core/block.go:90.21,92.3 1 0
github.com/JoaoRafa19/crypto-go/core/block.go:94.2,94.15 1 0
github.com/JoaoRafa19/crypto-go/core/blockchain.go:17.57,27.2 4 0
github.com/JoaoRafa19/crypto-go/core/blockchain.go:29.49,31.2 1 0
github.com/JoaoRafa19/crypto-go/core/blockchain.go:32.48,35.16 2 0
github.com/JoaoRafa19/crypto-go/core/blockchain.go:35.16,37.3 1 0
github.com/JoaoRafa19/crypto-go/core/blockchain.go:39.2,39.40 1 0
github.com/JoaoRafa19/crypto-go/core/blockchain.go:42.51,44.2 1 0
github.com/JoaoRafa19/crypto-go/core/blockchain.go:47.39,51.2 3 0
github.com/JoaoRafa19/crypto-go/core/blockchain.go:53.65,64.2 5 0
github.com/JoaoRafa19/crypto-go/core/blockchain.go:66.65,67.26 1 0
github.com/JoaoRafa19/crypto-go/core/blockchain.go:67.26,69.3 1 0
github.com/JoaoRafa19/crypto-go/core/blockchain.go:70.2,73.32 3 0
github.com/JoaoRafa19/crypto-go/core/hasher.go:15.47,19.2 2 0
github.com/JoaoRafa19/crypto-go/core/hasher.go:25.49,27.2 1 1
github.com/JoaoRafa19/crypto-go/core/storage.go:9.33,11.2 1 0
github.com/JoaoRafa19/crypto-go/core/storage.go:13.44,15.2 1 0
github.com/JoaoRafa19/crypto-go/core/transaction.go:20.62,22.16 2 0
github.com/JoaoRafa19/crypto-go/core/transaction.go:22.16,24.3 1 0
github.com/JoaoRafa19/crypto-go/core/transaction.go:26.2,28.12 3 0
github.com/JoaoRafa19/crypto-go/core/transaction.go:31.47,35.2 1 1
github.com/JoaoRafa19/crypto-go/core/transaction.go:37.64,38.22 1 1
github.com/JoaoRafa19/crypto-go/core/transaction.go:38.22,40.3 1 1
github.com/JoaoRafa19/crypto-go/core/transaction.go:41.2,41.19 1 1
github.com/JoaoRafa19/crypto-go/core/transaction.go:44.39,45.25 1 0
github.com/JoaoRafa19/crypto-go/core/transaction.go:45.25,47.3 1 0
github.com/JoaoRafa19/crypto-go/core/transaction.go:49.2,49.44 1 0
github.com/JoaoRafa19/crypto-go/core/transaction.go:49.44,51.3 1 0
github.com/JoaoRafa19/crypto-go/core/transaction.go:53.2,53.12 1 0
github.com/JoaoRafa19/crypto-go/core/validator.go:13.56,17.2 1 0
github.com/JoaoRafa19/crypto-go/core/validator.go:19.56,20.29 1 0
github.com/JoaoRafa19/crypto-go/core/validator.go:20.29,22.3 1 0
github.com/JoaoRafa19/crypto-go/core/validator.go:24.2,24.33 1 0
github.com/JoaoRafa19/crypto-go/core/validator.go:24.33,26.3 1 0
github.com/JoaoRafa19/crypto-go/core/validator.go:28.2,29.16 2 0
github.com/JoaoRafa19/crypto-go/core/validator.go:29.16,31.3 1 0
github.com/JoaoRafa19/crypto-go/core/validator.go:33.2,34.29 2 0
github.com/JoaoRafa19/crypto-go/core/validator.go:34.29,36.3 1 0
github.com/JoaoRafa19/crypto-go/core/validator.go:38.2,38.35 1 0
github.com/JoaoRafa19/crypto-go/core/validator.go:38.35,40.3 1 0
github.com/JoaoRafa19/crypto-go/core/validator.go:42.2,42.12 1 0
github.com/JoaoRafa19/crypto-go/crypto/keypair.go:17.59,19.16 2 0
github.com/JoaoRafa19/crypto-go/crypto/keypair.go:19.16,21.3 1 0
github.com/JoaoRafa19/crypto-go/crypto/keypair.go:23.2,26.8 1 0
github.com/JoaoRafa19/crypto-go/crypto/keypair.go:29.38,31.16 2 0
github.com/JoaoRafa19/crypto-go/crypto/keypair.go:31.16,32.13 1 0
github.com/JoaoRafa19/crypto-go/crypto/keypair.go:34.2,36.3 1 0
github.com/JoaoRafa19/crypto-go/crypto/keypair.go:43.43,47.2 1 0
github.com/JoaoRafa19/crypto-go/crypto/keypair.go:49.37,52.2 1 0
github.com/JoaoRafa19/crypto-go/crypto/keypair.go:54.44,58.2 2 0
github.com/JoaoRafa19/crypto-go/crypto/keypair.go:64.65,66.2 1 0
github.com/JoaoRafa19/crypto-go/network/local_transport.go:15.48,21.2 1 1
github.com/JoaoRafa19/crypto-go/network/local_transport.go:23.47,26.2 1 1
github.com/JoaoRafa19/crypto-go/network/local_transport.go:27.54,34.2 4 1
github.com/JoaoRafa19/crypto-go/network/local_transport.go:36.72,41.9 4 1
github.com/JoaoRafa19/crypto-go/network/local_transport.go:41.9,44.3 1 0
github.com/JoaoRafa19/crypto-go/network/local_transport.go:46.2,50.12 2 1
github.com/JoaoRafa19/crypto-go/network/local_transport.go:53.41,55.2 1 1
github.com/JoaoRafa19/crypto-go/network/server.go:27.41,37.2 1 0
github.com/JoaoRafa19/crypto-go/network/server.go:39.26,43.6 3 0
github.com/JoaoRafa19/crypto-go/network/server.go:43.6,44.10 1 0
github.com/JoaoRafa19/crypto-go/network/server.go:45.25,46.28 1 0
github.com/JoaoRafa19/crypto-go/network/server.go:47.21,48.14 1 0
github.com/JoaoRafa19/crypto-go/network/server.go:49.19,50.21 1 0
github.com/JoaoRafa19/crypto-go/network/server.go:50.21,53.5 2 0
github.com/JoaoRafa19/crypto-go/network/server.go:56.2,56.32 1 0
github.com/JoaoRafa19/crypto-go/network/server.go:59.65,60.36 1 0
github.com/JoaoRafa19/crypto-go/network/server.go:60.36,62.3 1 0
github.com/JoaoRafa19/crypto-go/network/server.go:63.2,65.25 2 0
github.com/JoaoRafa19/crypto-go/network/server.go:65.25,73.3 2 0
github.com/JoaoRafa19/crypto-go/network/server.go:75.2,82.26 2 0
github.com/JoaoRafa19/crypto-go/network/server.go:84.41,87.2 2 0
github.com/JoaoRafa19/crypto-go/network/server.go:89.35,90.34 1 0
github.com/JoaoRafa19/crypto-go/network/server.go:90.34,91.25 1 0
github.com/JoaoRafa19/crypto-go/network/server.go:91.25,92.34 1 0
github.com/JoaoRafa19/crypto-go/network/server.go:92.34,95.5 1 0
github.com/JoaoRafa19/crypto-go/network/txpool.go:12.26,16.2 1 1
github.com/JoaoRafa19/crypto-go/network/txpool.go:20.50,22.17 2 1
github.com/JoaoRafa19/crypto-go/network/txpool.go:22.17,24.3 1 0
github.com/JoaoRafa19/crypto-go/network/txpool.go:25.2,26.12 2 1
github.com/JoaoRafa19/crypto-go/network/txpool.go:29.44,32.2 2 1
github.com/JoaoRafa19/crypto-go/network/txpool.go:34.28,36.2 1 1
github.com/JoaoRafa19/crypto-go/network/txpool.go:38.26,41.2 1 1
github.com/JoaoRafa19/crypto-go/types/address.go:10.34,12.2 1 0
github.com/JoaoRafa19/crypto-go/types/address.go:14.35,16.26 2 0
github.com/JoaoRafa19/crypto-go/types/address.go:16.26,18.3 1 0
github.com/JoaoRafa19/crypto-go/types/address.go:19.2,19.10 1 0
github.com/JoaoRafa19/crypto-go/types/address.go:22.41,23.18 1 0
github.com/JoaoRafa19/crypto-go/types/address.go:23.18,25.13 2 0
github.com/JoaoRafa19/crypto-go/types/address.go:28.2,29.26 2 0
github.com/JoaoRafa19/crypto-go/types/address.go:29.26,32.3 1 0
github.com/JoaoRafa19/crypto-go/types/address.go:34.2,34.23 1 0
github.com/JoaoRafa19/crypto-go/types/hash.go:9.29,10.26 1 1
github.com/JoaoRafa19/crypto-go/types/hash.go:10.26,11.16 1 1
github.com/JoaoRafa19/crypto-go/types/hash.go:11.16,13.4 1 0
github.com/JoaoRafa19/crypto-go/types/hash.go:15.2,15.13 1 1
github.com/JoaoRafa19/crypto-go/types/hash.go:18.35,19.18 1 0
github.com/JoaoRafa19/crypto-go/types/hash.go:19.18,21.13 2 0
github.com/JoaoRafa19/crypto-go/types/hash.go:24.2,25.26 2 0
github.com/JoaoRafa19/crypto-go/types/hash.go:25.26,28.3 1 0
github.com/JoaoRafa19/crypto-go/types/hash.go:30.2,30.20 1 0
github.com/JoaoRafa19/crypto-go/main.go:9.13,16.12 5 0
github.com/JoaoRafa19/crypto-go/main.go:16.12,17.7 1 0
github.com/JoaoRafa19/crypto-go/main.go:17.7,20.4 2 0
github.com/JoaoRafa19/crypto-go/main.go:23.2,31.11 3 0
github.com/JoaoRafa19/crypto-go/core/block.go:22.33,28.2 4 1
github.com/JoaoRafa19/crypto-go/core/block.go:42.52,47.2 1 1
github.com/JoaoRafa19/crypto-go/core/block.go:49.49,51.2 1 1
github.com/JoaoRafa19/crypto-go/core/block.go:53.32,54.24 1 1
github.com/JoaoRafa19/crypto-go/core/block.go:54.24,56.3 1 0
github.com/JoaoRafa19/crypto-go/core/block.go:58.2,58.56 1 1
github.com/JoaoRafa19/crypto-go/core/block.go:58.56,60.3 1 1
github.com/JoaoRafa19/crypto-go/core/block.go:62.2,62.37 1 1
github.com/JoaoRafa19/crypto-go/core/block.go:62.37,63.38 1 1
github.com/JoaoRafa19/crypto-go/core/block.go:63.38,65.4 1 0
github.com/JoaoRafa19/crypto-go/core/block.go:68.2,68.12 1 1
github.com/JoaoRafa19/crypto-go/core/block.go:71.55,73.16 2 1
github.com/JoaoRafa19/crypto-go/core/block.go:73.16,75.3 1 0
github.com/JoaoRafa19/crypto-go/core/block.go:76.2,78.12 3 1
github.com/JoaoRafa19/crypto-go/core/block.go:81.64,83.2 1 0
github.com/JoaoRafa19/crypto-go/core/block.go:85.64,87.2 1 0
github.com/JoaoRafa19/crypto-go/core/block.go:89.57,90.21 1 1
github.com/JoaoRafa19/crypto-go/core/block.go:90.21,92.3 1 1
github.com/JoaoRafa19/crypto-go/core/block.go:94.2,94.15 1 1
github.com/JoaoRafa19/crypto-go/core/blockchain.go:17.57,27.2 4 1
github.com/JoaoRafa19/crypto-go/core/blockchain.go:29.49,31.2 1 0
github.com/JoaoRafa19/crypto-go/core/blockchain.go:32.48,35.16 2 1
github.com/JoaoRafa19/crypto-go/core/blockchain.go:35.16,37.3 1 1
github.com/JoaoRafa19/crypto-go/core/blockchain.go:39.2,39.40 1 1
github.com/JoaoRafa19/crypto-go/core/blockchain.go:42.51,44.2 1 1
github.com/JoaoRafa19/crypto-go/core/blockchain.go:47.39,51.2 3 1
github.com/JoaoRafa19/crypto-go/core/blockchain.go:53.65,64.2 5 1
github.com/JoaoRafa19/crypto-go/core/blockchain.go:66.65,67.26 1 1
github.com/JoaoRafa19/crypto-go/core/blockchain.go:67.26,69.3 1 0
github.com/JoaoRafa19/crypto-go/core/blockchain.go:70.2,73.32 3 1
github.com/JoaoRafa19/crypto-go/core/hasher.go:15.47,19.2 2 1
github.com/JoaoRafa19/crypto-go/core/hasher.go:25.49,27.2 1 0
github.com/JoaoRafa19/crypto-go/core/storage.go:9.33,11.2 1 1
github.com/JoaoRafa19/crypto-go/core/storage.go:13.44,15.2 1 1
github.com/JoaoRafa19/crypto-go/core/transaction.go:20.62,22.16 2 1
github.com/JoaoRafa19/crypto-go/core/transaction.go:22.16,24.3 1 0
github.com/JoaoRafa19/crypto-go/core/transaction.go:26.2,28.12 3 1
github.com/JoaoRafa19/crypto-go/core/transaction.go:31.47,35.2 1 0
github.com/JoaoRafa19/crypto-go/core/transaction.go:37.64,38.22 1 0
github.com/JoaoRafa19/crypto-go/core/transaction.go:38.22,40.3 1 0
github.com/JoaoRafa19/crypto-go/core/transaction.go:41.2,41.19 1 0
github.com/JoaoRafa19/crypto-go/core/transaction.go:44.39,45.25 1 1
github.com/JoaoRafa19/crypto-go/core/transaction.go:45.25,47.3 1 0
github.com/JoaoRafa19/crypto-go/core/transaction.go:49.2,49.44 1 1
github.com/JoaoRafa19/crypto-go/core/transaction.go:49.44,51.3 1 1
github.com/JoaoRafa19/crypto-go/core/transaction.go:53.2,53.12 1 1
github.com/JoaoRafa19/crypto-go/core/validator.go:13.56,17.2 1 1
github.com/JoaoRafa19/crypto-go/core/validator.go:19.56,20.29 1 1
github.com/JoaoRafa19/crypto-go/core/validator.go:20.29,22.3 1 1
github.com/JoaoRafa19/crypto-go/core/validator.go:24.2,24.33 1 1
github.com/JoaoRafa19/crypto-go/core/validator.go:24.33,26.3 1 1
github.com/JoaoRafa19/crypto-go/core/validator.go:28.2,29.16 2 1
github.com/JoaoRafa19/crypto-go/core/validator.go:29.16,31.3 1 0
github.com/JoaoRafa19/crypto-go/core/validator.go:33.2,34.29 2 1
github.com/JoaoRafa19/crypto-go/core/validator.go:34.29,36.3 1 0
github.com/JoaoRafa19/crypto-go/core/validator.go:38.2,38.35 1 1
github.com/JoaoRafa19/crypto-go/core/validator.go:38.35,40.3 1 0
github.com/JoaoRafa19/crypto-go/core/validator.go:42.2,42.12 1 1
github.com/JoaoRafa19/crypto-go/crypto/keypair.go:17.59,19.16 2 1
github.com/JoaoRafa19/crypto-go/crypto/keypair.go:19.16,21.3 1 0
github.com/JoaoRafa19/crypto-go/crypto/keypair.go:23.2,26.8 1 1
github.com/JoaoRafa19/crypto-go/crypto/keypair.go:29.38,31.16 2 1
github.com/JoaoRafa19/crypto-go/crypto/keypair.go:31.16,32.13 1 0
github.com/JoaoRafa19/crypto-go/crypto/keypair.go:34.2,36.3 1 1
github.com/JoaoRafa19/crypto-go/crypto/keypair.go:43.43,47.2 1 1
github.com/JoaoRafa19/crypto-go/crypto/keypair.go:49.37,52.2 1 0
github.com/JoaoRafa19/crypto-go/crypto/keypair.go:54.44,58.2 2 0
github.com/JoaoRafa19/crypto-go/crypto/keypair.go:64.65,66.2 1 1
github.com/JoaoRafa19/crypto-go/network/local_transport.go:15.48,21.2 1 0
github.com/JoaoRafa19/crypto-go/network/local_transport.go:23.47,26.2 1 0
github.com/JoaoRafa19/crypto-go/network/local_transport.go:27.54,34.2 4 0
github.com/JoaoRafa19/crypto-go/network/local_transport.go:36.72,41.9 4 0
github.com/JoaoRafa19/crypto-go/network/local_transport.go:41.9,44.3 1 0
github.com/JoaoRafa19/crypto-go/network/local_transport.go:46.2,50.12 2 0
github.com/JoaoRafa19/crypto-go/network/local_transport.go:53.41,55.2 1 0
github.com/JoaoRafa19/crypto-go/network/server.go:27.41,37.2 1 0
github.com/JoaoRafa19/crypto-go/network/server.go:39.26,43.6 3 0
github.com/JoaoRafa19/crypto-go/network/server.go:43.6,44.10 1 0
github.com/JoaoRafa19/crypto-go/network/server.go:45.25,46.28 1 0
github.com/JoaoRafa19/crypto-go/network/server.go:47.21,48.14 1 0
github.com/JoaoRafa19/crypto-go/network/server.go:49.19,50.21 1 0
github.com/JoaoRafa19/crypto-go/network/server.go:50.21,53.5 2 0
github.com/JoaoRafa19/crypto-go/network/server.go:56.2,56.32 1 0
github.com/JoaoRafa19/crypto-go/network/server.go:59.65,60.36 1 0
github.com/JoaoRafa19/crypto-go/network/server.go:60.36,62.3 1 0
github.com/JoaoRafa19/crypto-go/network/server.go:63.2,65.25 2 0
github.com/JoaoRafa19/crypto-go/network/server.go:65.25,73.3 2 0
github.com/JoaoRafa19/crypto-go/network/server.go:75.2,82.26 2 0
github.com/JoaoRafa19/crypto-go/network/server.go:84.41,87.2 2 0
github.com/JoaoRafa19/crypto-go/network/server.go:89.35,90.34 1 0
github.com/JoaoRafa19/crypto-go/network/server.go:90.34,91.25 1 0
github.com/JoaoRafa19/crypto-go/network/server.go:91.25,92.34 1 0
github.com/JoaoRafa19/crypto-go/network/server.go:92.34,95.5 1 0
github.com/JoaoRafa19/crypto-go/network/txpool.go:12.26,16.2 1 0
github.com/JoaoRafa19/crypto-go/network/txpool.go:20.50,22.17 2 0
github.com/JoaoRafa19/crypto-go/network/txpool.go:22.17,24.3 1 0
github.com/JoaoRafa19/crypto-go/network/txpool.go:25.2,26.12 2 0
github.com/JoaoRafa19/crypto-go/network/txpool.go:29.44,32.2 2 0
github.com/JoaoRafa19/crypto-go/network/txpool.go:34.28,36.2 1 0
github.com/JoaoRafa19/crypto-go/network/txpool.go:38.26,41.2 1 0
github.com/JoaoRafa19/crypto-go/types/address.go:10.34,12.2 1 0
github.com/JoaoRafa19/crypto-go/types/address.go:14.35,16.26 2 0
github.com/JoaoRafa19/crypto-go/types/address.go:16.26,18.3 1 0
github.com/JoaoRafa19/crypto-go/types/address.go:19.2,19.10 1 0
github.com/JoaoRafa19/crypto-go/types/address.go:22.41,23.18 1 0
github.com/JoaoRafa19/crypto-go/types/address.go:23.18,25.13 2 0
github.com/JoaoRafa19/crypto-go/types/address.go:28.2,29.26 2 0
github.com/JoaoRafa19/crypto-go/types/address.go:29.26,32.3 1 0
github.com/JoaoRafa19/crypto-go/types/address.go:34.2,34.23 1 0
github.com/JoaoRafa19/crypto-go/types/hash.go:9.29,10.26 1 1
github.com/JoaoRafa19/crypto-go/types/hash.go:10.26,11.16 1 1
github.com/JoaoRafa19/crypto-go/types/hash.go:11.16,13.4 1 0
github.com/JoaoRafa19/crypto-go/types/hash.go:15.2,15.13 1 1
github.com/JoaoRafa19/crypto-go/types/hash.go:18.35,19.18 1 0
github.com/JoaoRafa19/crypto-go/types/hash.go:19.18,21.13 2 0
github.com/JoaoRafa19/crypto-go/types/hash.go:24.2,25.26 2 0
github.com/JoaoRafa19/crypto-go/types/hash.go:25.26,28.3 1 0
github.com/JoaoRafa19/crypto-go/types/hash.go:30.2,30.20 1 0
